<?xml version="1.0" encoding="UTF-8"?>
<testsuite xmlns:xsi="http://www.w3.org/2001/XMLSchema-instance" xsi:noNamespaceSchemaLocation="https://maven.apache.org/surefire/maven-surefire-plugin/xsd/surefire-test-report-3.0.xsd" version="3.0" name="com.example.lovelypet.LovelyPetApplicationTests" time="14.445" tests="1" errors="0" skipped="0" failures="0">
  <properties>
[...]
</properties>
  <testcase name="contextLoads" classname="com.example.lovelypet.LovelyPetApplicationTests" time="0.883">
    <system-out><![CDATA[15:08:31.657 [main] INFO org.springframework.test.context.support.AnnotationConfigContextLoaderUtils -- Could not detect default configuration classes for test class [com.example.lovelypet.LovelyPetApplicationTests]: LovelyPetApplicationTests does not declare any static, non-private, non-final, nested classes annotated with @Configuration.
15:08:31.864 [main] INFO org.springframework.boot.test.context.SpringBootTestContextBootstrapper -- Found @SpringBootConfiguration com.example.lovelypet.LovelyPetApplication for test class com.example.lovelypet.LovelyPetApplicationTests

  .   ____          _            __ _ _
 /\\ / ___'_ __ _ _(_)_ __  __ _ \ \ \ \
( ( )\___ | '_ | '_| | '_ \/ _` | \ \ \ \
 \\/  ___)| |_)| | | | | || (_| |  ) ) ) )
  '  |____| .__|_| |_|_| |_\__, | / / / /
 =========|_|==============|___/=/_/_/_/
 :: Spring Boot ::                (v3.1.3)

2023-10-06T15:08:32.846+07:00  INFO 2200 --- [           main] c.e.lovelypet.LovelyPetApplicationTests  : Starting LovelyPetApplicationTests using Java 20.0.2 with PID 2200 (started by ittip in C:\Users\ittip\Downloads\backend\backend_hotel_pet_oneservice)
2023-10-06T15:08:32.848+07:00  INFO 2200 --- [           main] c.e.lovelypet.LovelyPetApplicationTests  : No active profile set, falling back to 1 default profile: "default"
2023-10-06T15:08:35.084+07:00  INFO 2200 --- [           main] .s.d.r.c.RepositoryConfigurationDelegate : Multiple Spring Data modules found, entering strict repository configuration mode
2023-10-06T15:08:35.089+07:00  INFO 2200 --- [           main] .s.d.r.c.RepositoryConfigurationDelegate : Bootstrapping Spring Data JPA repositories in DEFAULT mode.
2023-10-06T15:08:35.553+07:00  INFO 2200 --- [           main] .s.d.r.c.RepositoryConfigurationDelegate : Finished Spring Data repository scanning in 444 ms. Found 13 JPA repository interfaces.
2023-10-06T15:08:35.589+07:00  INFO 2200 --- [           main] .s.d.r.c.RepositoryConfigurationDelegate : Multiple Spring Data modules found, entering strict repository configuration mode
2023-10-06T15:08:35.591+07:00  INFO 2200 --- [           main] .s.d.r.c.RepositoryConfigurationDelegate : Bootstrapping Spring Data Redis repositories in DEFAULT mode.
2023-10-06T15:08:35.629+07:00  INFO 2200 --- [           main] .RepositoryConfigurationExtensionSupport : Spring Data Redis - Could not safely identify store assignment for repository candidate interface com.example.lovelypet.repository.AdditionalServiceRepository; If you want this repository to be a Redis repository, consider annotating your entities with one of these annotations: org.springframework.data.redis.core.RedisHash (preferred), or consider extending one of the following types with your repository: org.springframework.data.keyvalue.repository.KeyValueRepository
2023-10-06T15:08:35.629+07:00  INFO 2200 --- [           main] .RepositoryConfigurationExtensionSupport : Spring Data Redis - Could not safely identify store assignment for repository candidate interface com.example.lovelypet.repository.BookingRepository; If you want this repository to be a Redis repository, consider annotating your entities with one of these annotations: org.springframework.data.redis.core.RedisHash (preferred), or consider extending one of the following types with your repository: org.springframework.data.keyvalue.repository.KeyValueRepository
2023-10-06T15:08:35.630+07:00  INFO 2200 --- [           main] .RepositoryConfigurationExtensionSupport : Spring Data Redis - Could not safely identify store assignment for repository candidate interface com.example.lovelypet.repository.HotelRepository; If you want this repository to be a Redis repository, consider annotating your entities with one of these annotations: org.springframework.data.redis.core.RedisHash (preferred), or consider extending one of the following types with your repository: org.springframework.data.keyvalue.repository.KeyValueRepository
2023-10-06T15:08:35.630+07:00  INFO 2200 --- [           main] .RepositoryConfigurationExtensionSupport : Spring Data Redis - Could not safely identify store assignment for repository candidate interface com.example.lovelypet.repository.PetRepository; If you want this repository to be a Redis repository, consider annotating your entities with one of these annotations: org.springframework.data.redis.core.RedisHash (preferred), or consider extending one of the following types with your repository: org.springframework.data.keyvalue.repository.KeyValueRepository
2023-10-06T15:08:35.631+07:00  INFO 2200 --- [           main] .RepositoryConfigurationExtensionSupport : Spring Data Redis - Could not safely identify store assignment for repository candidate interface com.example.lovelypet.repository.PetTypeRepository; If you want this repository to be a Redis repository, consider annotating your entities with one of these annotations: org.springframework.data.redis.core.RedisHash (preferred), or consider extending one of the following types with your repository: org.springframework.data.keyvalue.repository.KeyValueRepository
2023-10-06T15:08:35.631+07:00  INFO 2200 --- [           main] .RepositoryConfigurationExtensionSupport : Spring Data Redis - Could not safely identify store assignment for repository candidate interface com.example.lovelypet.repository.PhotoHotelRepository; If you want this repository to be a Redis repository, consider annotating your entities with one of these annotations: org.springframework.data.redis.core.RedisHash (preferred), or consider extending one of the following types with your repository: org.springframework.data.keyvalue.repository.KeyValueRepository
2023-10-06T15:08:35.632+07:00  INFO 2200 --- [           main] .RepositoryConfigurationExtensionSupport : Spring Data Redis - Could not safely identify store assignment for repository candidate interface com.example.lovelypet.repository.PhotoRoomRepository; If you want this repository to be a Redis repository, consider annotating your entities with one of these annotations: org.springframework.data.redis.core.RedisHash (preferred), or consider extending one of the following types with your repository: org.springframework.data.keyvalue.repository.KeyValueRepository
2023-10-06T15:08:35.633+07:00  INFO 2200 --- [           main] .RepositoryConfigurationExtensionSupport : Spring Data Redis - Could not safely identify store assignment for repository candidate interface com.example.lovelypet.repository.ReviewRepository; If you want this repository to be a Redis repository, consider annotating your entities with one of these annotations: org.springframework.data.redis.core.RedisHash (preferred), or consider extending one of the following types with your repository: org.springframework.data.keyvalue.repository.KeyValueRepository
2023-10-06T15:08:35.634+07:00  INFO 2200 --- [           main] .RepositoryConfigurationExtensionSupport : Spring Data Redis - Could not safely identify store assignment for repository candidate interface com.example.lovelypet.repository.RoomRepository; If you want this repository to be a Redis repository, consider annotating your entities with one of these annotations: org.springframework.data.redis.core.RedisHash (preferred), or consider extending one of the following types with your repository: org.springframework.data.keyvalue.repository.KeyValueRepository
2023-10-06T15:08:35.634+07:00  INFO 2200 --- [           main] .RepositoryConfigurationExtensionSupport : Spring Data Redis - Could not safely identify store assignment for repository candidate interface com.example.lovelypet.repository.RoomTypeRepository; If you want this repository to be a Redis repository, consider annotating your entities with one of these annotations: org.springframework.data.redis.core.RedisHash (preferred), or consider extending one of the following types with your repository: org.springframework.data.keyvalue.repository.KeyValueRepository
2023-10-06T15:08:35.635+07:00  INFO 2200 --- [           main] .RepositoryConfigurationExtensionSupport : Spring Data Redis - Could not safely identify store assignment for repository candidate interface com.example.lovelypet.repository.ServiceHistoryRepository; If you want this repository to be a Redis repository, consider annotating your entities with one of these annotations: org.springframework.data.redis.core.RedisHash (preferred), or consider extending one of the following types with your repository: org.springframework.data.keyvalue.repository.KeyValueRepository
2023-10-06T15:08:35.635+07:00  INFO 2200 --- [           main] .RepositoryConfigurationExtensionSupport : Spring Data Redis - Could not safely identify store assignment for repository candidate interface com.example.lovelypet.repository.UserRepository; If you want this repository to be a Redis repository, consider annotating your entities with one of these annotations: org.springframework.data.redis.core.RedisHash (preferred), or consider extending one of the following types with your repository: org.springframework.data.keyvalue.repository.KeyValueRepository
2023-10-06T15:08:35.636+07:00  INFO 2200 --- [           main] .RepositoryConfigurationExtensionSupport : Spring Data Redis - Could not safely identify store assignment for repository candidate interface com.example.lovelypet.repository.VerifyRepository; If you want this repository to be a Redis repository, consider annotating your entities with one of these annotations: org.springframework.data.redis.core.RedisHash (preferred), or consider extending one of the following types with your repository: org.springframework.data.keyvalue.repository.KeyValueRepository
2023-10-06T15:08:35.636+07:00  INFO 2200 --- [           main] .s.d.r.c.RepositoryConfigurationDelegate : Finished Spring Data repository scanning in 22 ms. Found 0 Redis repository interfaces.
2023-10-06T15:08:36.860+07:00  INFO 2200 --- [           main] o.hibernate.jpa.internal.util.LogHelper  : HHH000204: Processing PersistenceUnitInfo [name: default]
2023-10-06T15:08:36.992+07:00  INFO 2200 --- [           main] org.hibernate.Version                    : HHH000412: Hibernate ORM core version 6.2.7.Final
2023-10-06T15:08:36.996+07:00  INFO 2200 --- [           main] org.hibernate.cfg.Environment            : HHH000406: Using bytecode reflection optimizer
2023-10-06T15:08:37.382+07:00  INFO 2200 --- [           main] o.h.b.i.BytecodeProviderInitiator        : HHH000021: Bytecode provider name : bytebuddy
2023-10-06T15:08:37.724+07:00  INFO 2200 --- [           main] o.s.o.j.p.SpringPersistenceUnitInfo      : No LoadTimeWeaver setup: ignoring JPA class transformer
2023-10-06T15:08:37.756+07:00  INFO 2200 --- [           main] com.zaxxer.hikari.HikariDataSource       : HikariPool-1 - Starting...
2023-10-06T15:08:38.212+07:00  INFO 2200 --- [           main] com.zaxxer.hikari.pool.HikariPool        : HikariPool-1 - Added connection org.postgresql.jdbc.PgConnection@690ed13a
2023-10-06T15:08:38.216+07:00  INFO 2200 --- [           main] com.zaxxer.hikari.HikariDataSource       : HikariPool-1 - Start completed.
2023-10-06T15:08:39.002+07:00  INFO 2200 --- [           main] o.h.b.i.BytecodeProviderInitiator        : HHH000021: Bytecode provider name : bytebuddy
2023-10-06T15:08:40.509+07:00  INFO 2200 --- [           main] o.h.e.t.j.p.i.JtaPlatformInitiator       : HHH000490: Using JtaPlatform implementation: [org.hibernate.engine.transaction.jta.platform.internal.NoJtaPlatform]
2023-10-06T15:08:41.014+07:00  INFO 2200 --- [           main] j.LocalContainerEntityManagerFactoryBean : Initialized JPA EntityManagerFactory for persistence unit 'default'
2023-10-06T15:08:42.618+07:00  INFO 2200 --- [           main] o.s.s.web.DefaultSecurityFilterChain     : Will secure any request with [org.springframework.security.web.session.DisableEncodeUrlFilter@5f67ff3e, org.springframework.security.web.context.request.async.WebAsyncManagerIntegrationFilter@2ab87cb8, org.springframework.security.web.context.SecurityContextHolderFilter@5581e273, org.springframework.security.web.header.HeaderWriterFilter@996293a, org.springframework.security.web.authentication.logout.LogoutFilter@45b37003, com.example.lovelypet.config.token.TokenFilter@4ac1544f, org.springframework.security.web.savedrequest.RequestCacheAwareFilter@10806dbe, org.springframework.security.web.servletapi.SecurityContextHolderAwareRequestFilter@236bb278, org.springframework.security.web.authentication.AnonymousAuthenticationFilter@4578d654, org.springframework.security.web.session.SessionManagementFilter@6d0fe80c, org.springframework.security.web.access.ExceptionTranslationFilter@7f9b46ed, org.springframework.security.web.access.intercept.AuthorizationFilter@39336f5]
2023-10-06T15:08:44.529+07:00  INFO 2200 --- [           main] o.s.b.a.e.web.EndpointLinksResolver      : Exposing 1 endpoint(s) beneath base path '/actuator'
2023-10-06T15:08:44.633+07:00  INFO 2200 --- [           main] o.s.m.s.b.SimpleBrokerMessageHandler     : Starting...
2023-10-06T15:08:44.635+07:00  INFO 2200 --- [           main] o.s.m.s.b.SimpleBrokerMessageHandler     : BrokerAvailabilityEvent[available=true, SimpleBrokerMessageHandler [org.springframework.messaging.simp.broker.DefaultSubscriptionRegistry@2efda33d]]
2023-10-06T15:08:44.636+07:00  INFO 2200 --- [           main] o.s.m.s.b.SimpleBrokerMessageHandler     : Started.
2023-10-06T15:08:44.658+07:00  INFO 2200 --- [           main] c.e.lovelypet.LovelyPetApplicationTests  : Started LovelyPetApplicationTests in 12.412 seconds (process running for 14.491)
]]></system-out>
    <system-err><![CDATA[SLF4J: Class path contains multiple SLF4J providers.
SLF4J: Found provider [ch.qos.logback.classic.spi.LogbackServiceProvider@c86b9e3]
SLF4J: Found provider [org.slf4j.nop.NOPServiceProvider@10aa41f2]
SLF4J: Found provider [org.slf4j.jul.JULServiceProvider@3af9c5b7]
SLF4J: See https://www.slf4j.org/codes.html#multiple_bindings for an explanation.
SLF4J: Actual provider is of type [ch.qos.logback.classic.spi.LogbackServiceProvider@c86b9e3]
]]></system-err>
  </testcase>
</testsuite>